{"C:\\Soft\\Projects\\Poputchiki\\packages\\shared\\src\\schemas\\like.ts": {"path":"C:\\Soft\\Projects\\Poputchiki\\packages\\shared\\src\\schemas\\like.ts","statementMap":{"0":{"start":{"line":3,"column":23},"end":{"line":9,"column":2}}},"fnMap":{},"branchMap":{},"s":{"0":1},"f":{},"b":{},"meta":{"lastBranch":0,"lastFunction":0,"lastStatement":1,"seen":{"s:3:23:9:2":0}}}
,"C:\\Soft\\Projects\\Poputchiki\\packages\\shared\\src\\schemas\\review.ts": {"path":"C:\\Soft\\Projects\\Poputchiki\\packages\\shared\\src\\schemas\\review.ts","statementMap":{"0":{"start":{"line":3,"column":25},"end":{"line":11,"column":2}}},"fnMap":{},"branchMap":{},"s":{"0":1},"f":{},"b":{},"meta":{"lastBranch":0,"lastFunction":0,"lastStatement":1,"seen":{"s:3:25:11:2":0}}}
,"C:\\Soft\\Projects\\Poputchiki\\packages\\shared\\src\\schemas\\ride.ts": {"path":"C:\\Soft\\Projects\\Poputchiki\\packages\\shared\\src\\schemas\\ride.ts","statementMap":{"0":{"start":{"line":3,"column":26},"end":{"line":3,"column":82}},"1":{"start":{"line":5,"column":23},"end":{"line":23,"column":2}}},"fnMap":{},"branchMap":{},"s":{"0":1,"1":1},"f":{},"b":{},"meta":{"lastBranch":0,"lastFunction":0,"lastStatement":2,"seen":{"s:3:26:3:82":0,"s:5:23:23:2":1}}}
,"C:\\Soft\\Projects\\Poputchiki\\packages\\shared\\src\\schemas\\user.ts": {"path":"C:\\Soft\\Projects\\Poputchiki\\packages\\shared\\src\\schemas\\user.ts","statementMap":{"0":{"start":{"line":3,"column":23},"end":{"line":18,"column":2}}},"fnMap":{},"branchMap":{},"s":{"0":1},"f":{},"b":{},"meta":{"lastBranch":0,"lastFunction":0,"lastStatement":1,"seen":{"s:3:23:18:2":0}}}
}
